{"name":"verifyAspireappOdoo","status":"broken","statusDetails":{"known":false,"muted":false,"flaky":false,"message":"invalid selector: Unable to locate an element with the xpath expression //a[@class='dropdown-item ui-menu-item-wrapper' and text()='DemoProductVinit']] because of the following error:\nSyntaxError: Failed to execute 'evaluate' on 'Document': The string '//a[@class='dropdown-item ui-menu-item-wrapper' and text()='DemoProductVinit']]' is not a valid XPath expression.\n  (Session info: chrome=97.0.4692.99)\nFor documentation on this error, please visit: https://selenium.dev/exceptions/#invalid_selector_exception\nBuild info: version: '4.0.0-beta-4', revision: '29f46d02dd'\nSystem info: host: 'MEHARWAL', ip: '192.168.1.4', os.name: 'Windows 10', os.arch: 'amd64', os.version: '10.0', java.version: '17.0.1'\nDriver info: org.openqa.selenium.chrome.ChromeDriver\nCommand: [66baf87d9efecb8074b80f959dd8635f, findElements {using=xpath, value=//a[@class='dropdown-item ui-menu-item-wrapper' and text()='DemoProductVinit']]}]\nCapabilities {acceptInsecureCerts: false, browserName: chrome, browserVersion: 97.0.4692.99, chrome: {chromedriverVersion: 97.0.4692.71 (adefa7837d02a..., userDataDir: C:\\Users\\Vinku\\AppData\\Loca...}, goog:chromeOptions: {debuggerAddress: localhost:65229}, javascriptEnabled: true, networkConnectionEnabled: false, pageLoadStrategy: normal, platform: WINDOWS, platformName: WINDOWS, proxy: Proxy(), se:cdp: ws://localhost:65229/devtoo..., se:cdpVersion: 97.0.4692.99, setWindowRect: true, strictFileInteractability: false, timeouts: {implicit: 0, pageLoad: 300000, script: 30000}, unhandledPromptBehavior: dismiss and notify, webauthn:extension:credBlob: true, webauthn:extension:largeBlob: true, webauthn:virtualAuthenticators: true}\nSession ID: 66baf87d9efecb8074b80f959dd8635f","trace":"org.openqa.selenium.InvalidSelectorException: invalid selector: Unable to locate an element with the xpath expression //a[@class='dropdown-item ui-menu-item-wrapper' and text()='DemoProductVinit']] because of the following error:\nSyntaxError: Failed to execute 'evaluate' on 'Document': The string '//a[@class='dropdown-item ui-menu-item-wrapper' and text()='DemoProductVinit']]' is not a valid XPath expression.\n  (Session info: chrome=97.0.4692.99)\nFor documentation on this error, please visit: https://selenium.dev/exceptions/#invalid_selector_exception\nBuild info: version: '4.0.0-beta-4', revision: '29f46d02dd'\nSystem info: host: 'MEHARWAL', ip: '192.168.1.4', os.name: 'Windows 10', os.arch: 'amd64', os.version: '10.0', java.version: '17.0.1'\nDriver info: org.openqa.selenium.chrome.ChromeDriver\nCommand: [66baf87d9efecb8074b80f959dd8635f, findElements {using=xpath, value=//a[@class='dropdown-item ui-menu-item-wrapper' and text()='DemoProductVinit']]}]\nCapabilities {acceptInsecureCerts: false, browserName: chrome, browserVersion: 97.0.4692.99, chrome: {chromedriverVersion: 97.0.4692.71 (adefa7837d02a..., userDataDir: C:\\Users\\Vinku\\AppData\\Loca...}, goog:chromeOptions: {debuggerAddress: localhost:65229}, javascriptEnabled: true, networkConnectionEnabled: false, pageLoadStrategy: normal, platform: WINDOWS, platformName: WINDOWS, proxy: Proxy(), se:cdp: ws://localhost:65229/devtoo..., se:cdpVersion: 97.0.4692.99, setWindowRect: true, strictFileInteractability: false, timeouts: {implicit: 0, pageLoad: 300000, script: 30000}, unhandledPromptBehavior: dismiss and notify, webauthn:extension:credBlob: true, webauthn:extension:largeBlob: true, webauthn:virtualAuthenticators: true}\nSession ID: 66baf87d9efecb8074b80f959dd8635f\r\n\tat java.base/jdk.internal.reflect.NativeConstructorAccessorImpl.newInstance0(Native Method)\r\n\tat java.base/jdk.internal.reflect.NativeConstructorAccessorImpl.newInstance(NativeConstructorAccessorImpl.java:77)\r\n\tat java.base/jdk.internal.reflect.DelegatingConstructorAccessorImpl.newInstance(DelegatingConstructorAccessorImpl.java:45)\r\n\tat java.base/java.lang.reflect.Constructor.newInstanceWithCaller(Constructor.java:499)\r\n\tat java.base/java.lang.reflect.Constructor.newInstance(Constructor.java:480)\r\n\tat org.openqa.selenium.remote.codec.w3c.W3CHttpResponseCodec.createException(W3CHttpResponseCodec.java:200)\r\n\tat org.openqa.selenium.remote.codec.w3c.W3CHttpResponseCodec.decode(W3CHttpResponseCodec.java:133)\r\n\tat org.openqa.selenium.remote.codec.w3c.W3CHttpResponseCodec.decode(W3CHttpResponseCodec.java:53)\r\n\tat org.openqa.selenium.remote.HttpCommandExecutor.execute(HttpCommandExecutor.java:184)\r\n\tat org.openqa.selenium.remote.service.DriverCommandExecutor.invokeExecute(DriverCommandExecutor.java:162)\r\n\tat org.openqa.selenium.remote.service.DriverCommandExecutor.execute(DriverCommandExecutor.java:137)\r\n\tat org.openqa.selenium.remote.RemoteWebDriver.execute(RemoteWebDriver.java:612)\r\n\tat org.openqa.selenium.remote.RemoteWebDriver$Mechanism$2.findElements(RemoteWebDriver.java:1280)\r\n\tat org.openqa.selenium.remote.RemoteWebDriver.findElements(RemoteWebDriver.java:417)\r\n\tat org.openqa.selenium.remote.RemoteWebDriver.findElements(RemoteWebDriver.java:411)\r\n\tat pageObjects.pages.NewManufacturingOrdersPage.enterProductName(NewManufacturingOrdersPage.java:43)\r\n\tat tests.Test1.verifyAspireappOdoo(Test1.java:25)\r\n\tat java.base/jdk.internal.reflect.NativeMethodAccessorImpl.invoke0(Native Method)\r\n\tat java.base/jdk.internal.reflect.NativeMethodAccessorImpl.invoke(NativeMethodAccessorImpl.java:77)\r\n\tat java.base/jdk.internal.reflect.DelegatingMethodAccessorImpl.invoke(DelegatingMethodAccessorImpl.java:43)\r\n\tat java.base/java.lang.reflect.Method.invoke(Method.java:568)\r\n\tat org.testng.internal.MethodInvocationHelper.invokeMethod(MethodInvocationHelper.java:133)\r\n\tat org.testng.internal.TestInvoker.invokeMethod(TestInvoker.java:598)\r\n\tat org.testng.internal.TestInvoker.invokeTestMethod(TestInvoker.java:173)\r\n\tat org.testng.internal.TestMethodWithDataProviderMethodWorker.call(TestMethodWithDataProviderMethodWorker.java:77)\r\n\tat org.testng.internal.TestMethodWithDataProviderMethodWorker.call(TestMethodWithDataProviderMethodWorker.java:15)\r\n\tat java.base/java.util.concurrent.FutureTask.run(FutureTask.java:264)\r\n\tat java.base/java.util.concurrent.Executors$RunnableAdapter.call(Executors.java:539)\r\n\tat java.base/java.util.concurrent.FutureTask.run(FutureTask.java:264)\r\n\tat java.base/java.util.concurrent.ThreadPoolExecutor.runWorker(ThreadPoolExecutor.java:1136)\r\n\tat java.base/java.util.concurrent.ThreadPoolExecutor$Worker.run(ThreadPoolExecutor.java:635)\r\n\tat java.base/java.lang.Thread.run(Thread.java:833)\r\n"},"stage":"finished","description":"To verify the Inventory and Manufacturing module functionality","steps":[{"name":"Verify the login button of the Login Page","status":"passed","stage":"finished","steps":[],"attachments":[],"parameters":[],"start":1643614628247,"stop":1643614628312},{"name":"To Enter Email ID, Password and Click Log in Button","status":"passed","stage":"finished","steps":[],"attachments":[{"name":"Attachment of WebElement ChromeDriver: chrome on WINDOWS (66baf87d9efecb8074b80f959dd8635f)","source":"d4c7ba66-027b-403e-9b2c-673d0687f2fd-attachment","type":"image/png"},{"name":"Attachment of WebElement ChromeDriver: chrome on WINDOWS (66baf87d9efecb8074b80f959dd8635f)","source":"2548cd95-679b-4d0f-9371-40ed3cbe2938-attachment","type":"image/png"},{"name":"Attachment of WebElement ChromeDriver: chrome on WINDOWS (66baf87d9efecb8074b80f959dd8635f)","source":"8449ed89-fc20-4e98-9574-2c7895abefb5-attachment","type":"image/png"}],"parameters":[{"name":"emailID","value":"user@aspireapp.com"},{"name":"password","value":"@sp1r3app"}],"start":1643614628313,"stop":1643614631562},{"name":"Click On Inventory Link in the Home Page","status":"passed","stage":"finished","steps":[],"attachments":[{"name":"Attachment of WebElement ChromeDriver: chrome on WINDOWS (66baf87d9efecb8074b80f959dd8635f)","source":"dadcd097-a783-4f8a-b7ec-a6e9278114c9-attachment","type":"image/png"}],"parameters":[],"start":1643614631563,"stop":1643614632329},{"name":"Verify Inventory Overview page title","status":"passed","stage":"finished","steps":[],"attachments":[],"parameters":[],"start":1643614632330,"stop":1643614632862},{"name":"Click On Products Tab in the Inventory Overview Page","status":"passed","stage":"finished","steps":[],"attachments":[{"name":"Attachment of WebElement ChromeDriver: chrome on WINDOWS (66baf87d9efecb8074b80f959dd8635f)","source":"8bd25219-aca0-4522-91f4-f8e3e40619c1-attachment","type":"image/png"}],"parameters":[],"start":1643614632862,"stop":1643614633099},{"name":"Click On Products link under sub list of Products Tab in the Inventory Overview Page","status":"passed","stage":"finished","steps":[],"attachments":[{"name":"Attachment of WebElement ChromeDriver: chrome on WINDOWS (66baf87d9efecb8074b80f959dd8635f)","source":"938ecea0-2249-44e7-8dfd-e1b226c5444d-attachment","type":"image/png"}],"parameters":[],"start":1643614633099,"stop":1643614633376},{"name":"Verify Products page title","status":"passed","stage":"finished","steps":[],"attachments":[],"parameters":[],"start":1643614633377,"stop":1643614634407},{"name":"Click create Record Button in the Products Page","status":"passed","stage":"finished","steps":[],"attachments":[{"name":"Attachment of WebElement ChromeDriver: chrome on WINDOWS (66baf87d9efecb8074b80f959dd8635f)","source":"f2850fc0-491b-4b82-b828-32c7161352cb-attachment","type":"image/png"}],"parameters":[],"start":1643614634407,"stop":1643614634734},{"name":"Verify Products page title","status":"passed","stage":"finished","steps":[],"attachments":[],"parameters":[],"start":1643614634736,"stop":1643614636814},{"name":"Enter Product Name in the New Product Page","status":"passed","stage":"finished","steps":[],"attachments":[{"name":"Attachment of WebElement ChromeDriver: chrome on WINDOWS (66baf87d9efecb8074b80f959dd8635f)","source":"4e0b7d42-ba0c-42f4-bf5a-4a213b631b0a-attachment","type":"image/png"}],"parameters":[{"name":"name","value":"DemoProductVinit"}],"start":1643614636814,"stop":1643614637186},{"name":"Click create Record Button in the New Product Page","status":"passed","stage":"finished","steps":[],"attachments":[{"name":"Attachment of WebElement ChromeDriver: chrome on WINDOWS (66baf87d9efecb8074b80f959dd8635f)","source":"f7f461a4-f16d-4c74-aadf-aaa82cac32a4-attachment","type":"image/png"}],"parameters":[],"start":1643614637186,"stop":1643614637514},{"name":"Verify created Product","status":"passed","stage":"finished","steps":[],"attachments":[],"parameters":[{"name":"productName","value":"DemoProductVinit"}],"start":1643614637515,"stop":1643614638134},{"name":"Click Update Quantity Tab in the New Product Page","status":"passed","stage":"finished","steps":[],"attachments":[{"name":"Attachment of WebElement ChromeDriver: chrome on WINDOWS (66baf87d9efecb8074b80f959dd8635f)","source":"066c482c-006d-4965-adbe-373859eb9a70-attachment","type":"image/png"}],"parameters":[],"start":1643614638135,"stop":1643614638417},{"name":"Verify Update Quantity Page title","status":"passed","stage":"finished","steps":[],"attachments":[],"parameters":[],"start":1643614638418,"stop":1643614639464},{"name":"Click create Record Button in the Update Quantity Page","status":"passed","stage":"finished","steps":[],"attachments":[{"name":"Attachment of WebElement ChromeDriver: chrome on WINDOWS (66baf87d9efecb8074b80f959dd8635f)","source":"0593600b-986b-4e34-a18b-cfcfb3d0af5c-attachment","type":"image/png"}],"parameters":[],"start":1643614639465,"stop":1643614639822},{"name":"Enter inventory_quantity in the Update Quantity Page","status":"passed","stage":"finished","steps":[],"attachments":[{"name":"Attachment of WebElement ChromeDriver: chrome on WINDOWS (66baf87d9efecb8074b80f959dd8635f)","source":"cea7c9e0-54e7-4535-b6bd-34f235a1b658-attachment","type":"image/png"}],"parameters":[{"name":"value","value":"11"}],"start":1643614639823,"stop":1643614640325},{"name":"Click Save record Button in the Update Quantity Page","status":"passed","stage":"finished","steps":[],"attachments":[{"name":"Attachment of WebElement ChromeDriver: chrome on WINDOWS (66baf87d9efecb8074b80f959dd8635f)","source":"01bd3b18-2e5e-44e8-a60e-68a835ae82a7-attachment","type":"image/png"}],"parameters":[],"start":1643614640325,"stop":1643614640635},{"name":"Click On Home Menu Link in the App header component","status":"passed","stage":"finished","steps":[],"attachments":[{"name":"Attachment of WebElement ChromeDriver: chrome on WINDOWS (66baf87d9efecb8074b80f959dd8635f)","source":"5017eec7-2237-48ab-90b0-f182db6f48c1-attachment","type":"image/png"}],"parameters":[],"start":1643614640635,"stop":1643614640920},{"name":"Click On Manufacturing Link in the Home Page","status":"passed","stage":"finished","steps":[],"attachments":[{"name":"Attachment of WebElement ChromeDriver: chrome on WINDOWS (66baf87d9efecb8074b80f959dd8635f)","source":"88c19b4c-ee72-4ec6-849e-38534d67e447-attachment","type":"image/png"}],"parameters":[],"start":1643614640920,"stop":1643614641467},{"name":"Verify Products page title","status":"passed","stage":"finished","steps":[],"attachments":[],"parameters":[],"start":1643614641469,"stop":1643614642547},{"name":"Click create Record Button in the Products Page","status":"passed","stage":"finished","steps":[],"attachments":[{"name":"Attachment of WebElement ChromeDriver: chrome on WINDOWS (66baf87d9efecb8074b80f959dd8635f)","source":"e0ebc3bd-6198-4e8f-9ed8-ca604de5291d-attachment","type":"image/png"}],"parameters":[],"start":1643614642547,"stop":1643614642904},{"name":"Select Product Name from list of available products in the New Manufacturing Orders Page","status":"broken","statusDetails":{"known":false,"muted":false,"flaky":false,"message":"invalid selector: Unable to locate an element with the xpath expression //a[@class='dropdown-item ui-menu-item-wrapper' and text()='DemoProductVinit']] because of the following error:\nSyntaxError: Failed to execute 'evaluate' on 'Document': The string '//a[@class='dropdown-item ui-menu-item-wrapper' and text()='DemoProductVinit']]' is not a valid XPath expression.\n  (Session info: chrome=97.0.4692.99)\nFor documentation on this error, please visit: https://selenium.dev/exceptions/#invalid_selector_exception\nBuild info: version: '4.0.0-beta-4', revision: '29f46d02dd'\nSystem info: host: 'MEHARWAL', ip: '192.168.1.4', os.name: 'Windows 10', os.arch: 'amd64', os.version: '10.0', java.version: '17.0.1'\nDriver info: org.openqa.selenium.chrome.ChromeDriver\nCommand: [66baf87d9efecb8074b80f959dd8635f, findElements {using=xpath, value=//a[@class='dropdown-item ui-menu-item-wrapper' and text()='DemoProductVinit']]}]\nCapabilities {acceptInsecureCerts: false, browserName: chrome, browserVersion: 97.0.4692.99, chrome: {chromedriverVersion: 97.0.4692.71 (adefa7837d02a..., userDataDir: C:\\Users\\Vinku\\AppData\\Loca...}, goog:chromeOptions: {debuggerAddress: localhost:65229}, javascriptEnabled: true, networkConnectionEnabled: false, pageLoadStrategy: normal, platform: WINDOWS, platformName: WINDOWS, proxy: Proxy(), se:cdp: ws://localhost:65229/devtoo..., se:cdpVersion: 97.0.4692.99, setWindowRect: true, strictFileInteractability: false, timeouts: {implicit: 0, pageLoad: 300000, script: 30000}, unhandledPromptBehavior: dismiss and notify, webauthn:extension:credBlob: true, webauthn:extension:largeBlob: true, webauthn:virtualAuthenticators: true}\nSession ID: 66baf87d9efecb8074b80f959dd8635f","trace":"org.openqa.selenium.InvalidSelectorException: invalid selector: Unable to locate an element with the xpath expression //a[@class='dropdown-item ui-menu-item-wrapper' and text()='DemoProductVinit']] because of the following error:\nSyntaxError: Failed to execute 'evaluate' on 'Document': The string '//a[@class='dropdown-item ui-menu-item-wrapper' and text()='DemoProductVinit']]' is not a valid XPath expression.\n  (Session info: chrome=97.0.4692.99)\nFor documentation on this error, please visit: https://selenium.dev/exceptions/#invalid_selector_exception\nBuild info: version: '4.0.0-beta-4', revision: '29f46d02dd'\nSystem info: host: 'MEHARWAL', ip: '192.168.1.4', os.name: 'Windows 10', os.arch: 'amd64', os.version: '10.0', java.version: '17.0.1'\nDriver info: org.openqa.selenium.chrome.ChromeDriver\nCommand: [66baf87d9efecb8074b80f959dd8635f, findElements {using=xpath, value=//a[@class='dropdown-item ui-menu-item-wrapper' and text()='DemoProductVinit']]}]\nCapabilities {acceptInsecureCerts: false, browserName: chrome, browserVersion: 97.0.4692.99, chrome: {chromedriverVersion: 97.0.4692.71 (adefa7837d02a..., userDataDir: C:\\Users\\Vinku\\AppData\\Loca...}, goog:chromeOptions: {debuggerAddress: localhost:65229}, javascriptEnabled: true, networkConnectionEnabled: false, pageLoadStrategy: normal, platform: WINDOWS, platformName: WINDOWS, proxy: Proxy(), se:cdp: ws://localhost:65229/devtoo..., se:cdpVersion: 97.0.4692.99, setWindowRect: true, strictFileInteractability: false, timeouts: {implicit: 0, pageLoad: 300000, script: 30000}, unhandledPromptBehavior: dismiss and notify, webauthn:extension:credBlob: true, webauthn:extension:largeBlob: true, webauthn:virtualAuthenticators: true}\nSession ID: 66baf87d9efecb8074b80f959dd8635f\r\n\tat java.base/jdk.internal.reflect.NativeConstructorAccessorImpl.newInstance0(Native Method)\r\n\tat java.base/jdk.internal.reflect.NativeConstructorAccessorImpl.newInstance(NativeConstructorAccessorImpl.java:77)\r\n\tat java.base/jdk.internal.reflect.DelegatingConstructorAccessorImpl.newInstance(DelegatingConstructorAccessorImpl.java:45)\r\n\tat java.base/java.lang.reflect.Constructor.newInstanceWithCaller(Constructor.java:499)\r\n\tat java.base/java.lang.reflect.Constructor.newInstance(Constructor.java:480)\r\n\tat org.openqa.selenium.remote.codec.w3c.W3CHttpResponseCodec.createException(W3CHttpResponseCodec.java:200)\r\n\tat org.openqa.selenium.remote.codec.w3c.W3CHttpResponseCodec.decode(W3CHttpResponseCodec.java:133)\r\n\tat org.openqa.selenium.remote.codec.w3c.W3CHttpResponseCodec.decode(W3CHttpResponseCodec.java:53)\r\n\tat org.openqa.selenium.remote.HttpCommandExecutor.execute(HttpCommandExecutor.java:184)\r\n\tat org.openqa.selenium.remote.service.DriverCommandExecutor.invokeExecute(DriverCommandExecutor.java:162)\r\n\tat org.openqa.selenium.remote.service.DriverCommandExecutor.execute(DriverCommandExecutor.java:137)\r\n\tat org.openqa.selenium.remote.RemoteWebDriver.execute(RemoteWebDriver.java:612)\r\n\tat org.openqa.selenium.remote.RemoteWebDriver$Mechanism$2.findElements(RemoteWebDriver.java:1280)\r\n\tat org.openqa.selenium.remote.RemoteWebDriver.findElements(RemoteWebDriver.java:417)\r\n\tat org.openqa.selenium.remote.RemoteWebDriver.findElements(RemoteWebDriver.java:411)\r\n\tat pageObjects.pages.NewManufacturingOrdersPage.enterProductName(NewManufacturingOrdersPage.java:43)\r\n\tat tests.Test1.verifyAspireappOdoo(Test1.java:25)\r\n\tat java.base/jdk.internal.reflect.NativeMethodAccessorImpl.invoke0(Native Method)\r\n\tat java.base/jdk.internal.reflect.NativeMethodAccessorImpl.invoke(NativeMethodAccessorImpl.java:77)\r\n\tat java.base/jdk.internal.reflect.DelegatingMethodAccessorImpl.invoke(DelegatingMethodAccessorImpl.java:43)\r\n\tat java.base/java.lang.reflect.Method.invoke(Method.java:568)\r\n\tat org.testng.internal.MethodInvocationHelper.invokeMethod(MethodInvocationHelper.java:133)\r\n\tat org.testng.internal.TestInvoker.invokeMethod(TestInvoker.java:598)\r\n\tat org.testng.internal.TestInvoker.invokeTestMethod(TestInvoker.java:173)\r\n\tat org.testng.internal.TestMethodWithDataProviderMethodWorker.call(TestMethodWithDataProviderMethodWorker.java:77)\r\n\tat org.testng.internal.TestMethodWithDataProviderMethodWorker.call(TestMethodWithDataProviderMethodWorker.java:15)\r\n\tat java.base/java.util.concurrent.FutureTask.run(FutureTask.java:264)\r\n\tat java.base/java.util.concurrent.Executors$RunnableAdapter.call(Executors.java:539)\r\n\tat java.base/java.util.concurrent.FutureTask.run(FutureTask.java:264)\r\n\tat java.base/java.util.concurrent.ThreadPoolExecutor.runWorker(ThreadPoolExecutor.java:1136)\r\n\tat java.base/java.util.concurrent.ThreadPoolExecutor$Worker.run(ThreadPoolExecutor.java:635)\r\n\tat java.base/java.lang.Thread.run(Thread.java:833)\r\n"},"stage":"finished","steps":[],"attachments":[{"name":"Attachment of WebElement ChromeDriver: chrome on WINDOWS (66baf87d9efecb8074b80f959dd8635f)","source":"d6dfb3f1-3085-418f-9dd1-d5efb07c338e-attachment","type":"image/png"}],"parameters":[{"name":"name","value":"DemoProductVinit"}],"start":1643614642905,"stop":1643614643637}],"attachments":[],"parameters":[{"name":"arg2","value":"@sp1r3app"},{"name":"arg1","value":"user@aspireapp.com"},{"name":"arg0","value":"TC_001"}],"start":1643614628196,"stop":1643614643643,"uuid":"ad57d52b-1989-4bd5-a227-e7045f388148","historyId":"bc2498cf39909ca52b962039d86a56a3","fullName":"tests.Test1.verifyAspireappOdoo","labels":[{"name":"package","value":"tests.Test1"},{"name":"testClass","value":"tests.Test1"},{"name":"testMethod","value":"verifyAspireappOdoo"},{"name":"parentSuite","value":"Default suite"},{"name":"suite","value":"Default test"},{"name":"subSuite","value":"tests.Test1"},{"name":"host","value":"Meharwal"},{"name":"thread","value":"19384@Meharwal.TestNG-PoolService-0(17)"},{"name":"framework","value":"testng"},{"name":"language","value":"java"}],"links":[]}